Library/Bee/Android/Prj/Mono2x/Gradle/launcher/build/intermediates/manifest_merge_blame_file/release/manifest-merger-blame-release-report.txt
1<?xml version="1.0" encoding="utf-8"?>
2<manifest xmlns:android="http://schemas.android.com/apk/res/android"
3    package="com.TalkToMe.Speech"
4    android:installLocation="preferExternal"
5    android:versionCode="1"
6    android:versionName="1.0" >
7
8    <uses-sdk
9        android:minSdkVersion="24"
9-->src\main\AndroidManifest.xml
10        android:targetSdkVersion="30" />
10-->src\main\AndroidManifest.xml
11
12    <supports-screens
12-->src\main\AndroidManifest.xml:3:3-163
13        android:anyDensity="true"
13-->src\main\AndroidManifest.xml:3:135-160
14        android:largeScreens="true"
14-->src\main\AndroidManifest.xml:3:78-105
15        android:normalScreens="true"
15-->src\main\AndroidManifest.xml:3:49-77
16        android:smallScreens="true"
16-->src\main\AndroidManifest.xml:3:21-48
17        android:xlargeScreens="true" />
17-->src\main\AndroidManifest.xml:3:106-134
18
19    <uses-permission android:name="android.permission.RECORD_AUDIO" />
19-->[:unityLibrary] AndroidManifest.xml:11:5-71
19-->[:unityLibrary] AndroidManifest.xml:11:22-68
20    <uses-permission android:name="android.permission.INTERNET" /> <!-- <uses-sdk android:minSdkVersion="28" android:targetSdkVersion="33" /> -->
20-->[:unityLibrary] AndroidManifest.xml:12:5-67
20-->[:unityLibrary] AndroidManifest.xml:12:22-64
21    <queries>
21-->[:unityLibrary] AndroidManifest.xml:14:5-16:15
22        <package android:name="com.google.android.googlequicksearchbox" />
22-->[:unityLibrary] AndroidManifest.xml:15:9-75
22-->[:unityLibrary] AndroidManifest.xml:15:18-72
23    </queries>
24
25    <uses-feature android:glEsVersion="0x00020000" />
25-->[:unityLibrary] AndroidManifest.xml:18:5-54
25-->[:unityLibrary] AndroidManifest.xml:18:19-51
26
27    <uses-permission android:name="android.permission.ACCESS_NETWORK_STATE" />
27-->[:unityLibrary] AndroidManifest.xml:20:5-79
27-->[:unityLibrary] AndroidManifest.xml:20:22-76
28
29    <uses-feature
29-->[:unityLibrary] AndroidManifest.xml:22:5-24:36
30        android:name="android.hardware.touchscreen"
30-->[:unityLibrary] AndroidManifest.xml:23:9-52
31        android:required="false" />
31-->[:unityLibrary] AndroidManifest.xml:24:9-33
32    <uses-feature
32-->[:unityLibrary] AndroidManifest.xml:25:5-27:36
33        android:name="android.hardware.touchscreen.multitouch"
33-->[:unityLibrary] AndroidManifest.xml:26:9-63
34        android:required="false" />
34-->[:unityLibrary] AndroidManifest.xml:27:9-33
35    <uses-feature
35-->[:unityLibrary] AndroidManifest.xml:28:5-30:36
36        android:name="android.hardware.touchscreen.multitouch.distinct"
36-->[:unityLibrary] AndroidManifest.xml:29:9-72
37        android:required="false" />
37-->[:unityLibrary] AndroidManifest.xml:30:9-33
38
39    <application
39-->src\main\AndroidManifest.xml:4:3-83
40        android:configChanges="orientation|screenSize|locale"
40-->[:unityLibrary] AndroidManifest.xml:33:9-62
41        android:debuggable="false"
41-->[:unityLibrary] AndroidManifest.xml:34:9-35
42        android:extractNativeLibs="true"
42-->[:unityLibrary] AndroidManifest.xml:35:9-41
43        android:icon="@mipmap/app_icon"
43-->src\main\AndroidManifest.xml:4:49-80
44        android:isGame="true"
44-->[:unityLibrary] AndroidManifest.xml:37:9-30
45        android:label="@string/app_name"
45-->src\main\AndroidManifest.xml:4:16-48
46        android:theme="@style/UnityThemeSelector" >
46-->[:unityLibrary] AndroidManifest.xml:39:9-50
47        <activity
47-->[:unityLibrary] AndroidManifest.xml:40:9-54:20
48            android:name="com.starseed.speechtotext.MainActivity"
48-->[:unityLibrary] AndroidManifest.xml:41:13-66
49            android:configChanges="keyboard|keyboardHidden|orientation|screenLayout|uiMode|screenSize|smallestScreenSize"
49-->[:unityLibrary] AndroidManifest.xml:42:13-122
50            android:label="@string/app_name" >
50-->[:unityLibrary] AndroidManifest.xml:43:13-45
51            <intent-filter>
51-->[:unityLibrary] AndroidManifest.xml:44:13-49:29
52                <action android:name="android.intent.action.MAIN" />
52-->[:unityLibrary] AndroidManifest.xml:45:17-69
52-->[:unityLibrary] AndroidManifest.xml:45:25-66
53
54                <category android:name="android.intent.category.LAUNCHER" />
54-->[:unityLibrary] AndroidManifest.xml:47:17-77
54-->[:unityLibrary] AndroidManifest.xml:47:27-74
55                <category android:name="android.intent.category.LEANBACK_LAUNCHER" />
55-->[:unityLibrary] AndroidManifest.xml:48:17-86
55-->[:unityLibrary] AndroidManifest.xml:48:27-83
56            </intent-filter>
57
58            <meta-data
58-->[:unityLibrary] AndroidManifest.xml:51:13-53:40
59                android:name="android.notch_support"
59-->[:unityLibrary] AndroidManifest.xml:52:17-53
60                android:value="true" />
60-->[:unityLibrary] AndroidManifest.xml:53:17-37
61        </activity>
62
63        <meta-data
63-->[:unityLibrary] AndroidManifest.xml:56:9-58:33
64            android:name="unity.splash-mode"
64-->[:unityLibrary] AndroidManifest.xml:57:13-45
65            android:value="0" />
65-->[:unityLibrary] AndroidManifest.xml:58:13-30
66        <meta-data
66-->[:unityLibrary] AndroidManifest.xml:59:9-61:36
67            android:name="unity.splash-enable"
67-->[:unityLibrary] AndroidManifest.xml:60:13-47
68            android:value="True" />
68-->[:unityLibrary] AndroidManifest.xml:61:13-33
69        <meta-data
69-->[:unityLibrary] AndroidManifest.xml:62:9-64:36
70            android:name="unity.launch-fullscreen"
70-->[:unityLibrary] AndroidManifest.xml:63:13-51
71            android:value="True" />
71-->[:unityLibrary] AndroidManifest.xml:64:13-33
72        <meta-data
72-->[:unityLibrary] AndroidManifest.xml:65:9-67:37
73            android:name="unity.allow-resizable-window"
73-->[:unityLibrary] AndroidManifest.xml:66:13-56
74            android:value="False" />
74-->[:unityLibrary] AndroidManifest.xml:67:13-34
75        <meta-data
75-->[:unityLibrary] AndroidManifest.xml:68:9-70:50
76            android:name="notch.config"
76-->[:unityLibrary] AndroidManifest.xml:69:13-40
77            android:value="portrait|landscape" />
77-->[:unityLibrary] AndroidManifest.xml:70:13-47
78    </application>
79
80</manifest>